<?xml version="1.0" encoding="UTF-8"?>
<!-- Generated by org.testng.reporters.JUnitReportReporter -->
<testsuite hostname="SwarajPatil" failures="0" tests="5" name="com.TestCases.LoginTestCases" time="41.894" errors="0" timestamp="2025-06-22T16:48:00 IST" skipped="0">
  <testcase classname="com.TestCases.LoginTestCases" name="ValidTest" time="6.297"/>
  <testcase classname="com.TestCases.LoginTestCases" name="ValidTest" time="14.324"/>
  <testcase classname="com.TestCases.LoginTestCases" name="ValidTest" time="8.125"/>
  <testcase classname="com.TestCases.LoginTestCases" name="ValidTest" time="6.811"/>
  <testcase classname="com.TestCases.LoginTestCases" name="ValidTest" time="6.337"/>
</testsuite> <!-- com.TestCases.LoginTestCases -->
